-------------------------------------------------------------------------------------
时间: [16:55:46]  
线程ID:【1】
日志级别:【DEBUG】
日志对象:【RollingLogFileAppender】
日志消息: 【账号[2001]开始登录】 
-------------------------------------------------------------------------------------
时间: [16:55:46]  
线程ID:【1】
日志级别:【DEBUG】
日志对象:【RollingLogFileAppender】
日志消息: 【[2001]登录成功！】 
-------------------------------------------------------------------------------------
时间: [16:57:54]  
线程ID:【1】
日志级别:【DEBUG】
日志对象:【RollingLogFileAppender】
日志消息: 【[2001]退出程序！】 
-------------------------------------------------------------------------------------
时间: [17:08:27]  
线程ID:【1】
日志级别:【DEBUG】
日志对象:【RollingLogFileAppender】
日志消息: 【账号[2001]开始登录】 
-------------------------------------------------------------------------------------
时间: [17:08:27]  
线程ID:【1】
日志级别:【DEBUG】
日志对象:【RollingLogFileAppender】
日志消息: 【[2001]登录成功！】 
-------------------------------------------------------------------------------------
时间: [17:09:41]  
线程ID:【1】
日志级别:【DEBUG】
日志对象:【RollingLogFileAppender】
日志消息: 【[2001]退出程序！】 
-------------------------------------------------------------------------------------
时间: [20:40:15]  
线程ID:【1】
日志级别:【DEBUG】
日志对象:【RollingLogFileAppender】
日志消息: 【账号[2001]开始登录】 
-------------------------------------------------------------------------------------
时间: [20:40:15]  
线程ID:【1】
日志级别:【DEBUG】
日志对象:【RollingLogFileAppender】
日志消息: 【[2001]登录成功！】 
-------------------------------------------------------------------------------------
时间: [20:40:30]  
线程ID:【1】
日志级别:【DEBUG】
日志对象:【RollingLogFileAppender】
日志消息: 【[2001]退出程序！】 
