-------------------------------------------------------------------------------------
时间: [09:52:34]  
线程ID:【1】
日志级别:【DEBUG】
日志对象:【RollingLogFileAppender】
日志消息: 【账号[2001]开始登录】 
-------------------------------------------------------------------------------------
时间: [09:52:34]  
线程ID:【1】
日志级别:【DEBUG】
日志对象:【RollingLogFileAppender】
日志消息: 【[2001]登录成功！】 
-------------------------------------------------------------------------------------
时间: [09:52:46]  
线程ID:【1】
日志级别:【DEBUG】
日志对象:【RollingLogFileAppender】
日志消息: 【[2001]退出程序！】 
-------------------------------------------------------------------------------------
时间: [09:56:57]  
线程ID:【1】
日志级别:【DEBUG】
日志对象:【RollingLogFileAppender】
日志消息: 【账号[2001]开始登录】 
-------------------------------------------------------------------------------------
时间: [09:56:57]  
线程ID:【1】
日志级别:【DEBUG】
日志对象:【RollingLogFileAppender】
日志消息: 【[2001]登录成功！】 
-------------------------------------------------------------------------------------
时间: [10:03:40]  
线程ID:【1】
日志级别:【DEBUG】
日志对象:【RollingLogFileAppender】
日志消息: 【账号[2001]开始登录】 
-------------------------------------------------------------------------------------
时间: [10:03:40]  
线程ID:【1】
日志级别:【DEBUG】
日志对象:【RollingLogFileAppender】
日志消息: 【[2001]登录成功！】 
-------------------------------------------------------------------------------------
时间: [10:04:43]  
线程ID:【1】
日志级别:【DEBUG】
日志对象:【RollingLogFileAppender】
日志消息: 【账号[2001]开始登录】 
-------------------------------------------------------------------------------------
时间: [10:04:43]  
线程ID:【1】
日志级别:【DEBUG】
日志对象:【RollingLogFileAppender】
日志消息: 【[2001]登录成功！】 
-------------------------------------------------------------------------------------
时间: [10:09:28]  
线程ID:【1】
日志级别:【DEBUG】
日志对象:【RollingLogFileAppender】
日志消息: 【账号[2001]开始登录】 
-------------------------------------------------------------------------------------
时间: [10:09:28]  
线程ID:【1】
日志级别:【DEBUG】
日志对象:【RollingLogFileAppender】
日志消息: 【[2001]登录成功！】 
-------------------------------------------------------------------------------------
时间: [10:10:42]  
线程ID:【1】
日志级别:【DEBUG】
日志对象:【RollingLogFileAppender】
日志消息: 【[2001]退出程序！】 
-------------------------------------------------------------------------------------
时间: [10:15:46]  
线程ID:【1】
日志级别:【DEBUG】
日志对象:【RollingLogFileAppender】
日志消息: 【账号[2001]开始登录】 
-------------------------------------------------------------------------------------
时间: [10:15:46]  
线程ID:【1】
日志级别:【DEBUG】
日志对象:【RollingLogFileAppender】
日志消息: 【[2001]登录成功！】 
-------------------------------------------------------------------------------------
时间: [10:15:53]  
线程ID:【1】
日志级别:【DEBUG】
日志对象:【RollingLogFileAppender】
日志消息: 【[2001]退出程序！】 
-------------------------------------------------------------------------------------
时间: [10:25:39]  
线程ID:【1】
日志级别:【DEBUG】
日志对象:【RollingLogFileAppender】
日志消息: 【账号[2001]开始登录】 
-------------------------------------------------------------------------------------
时间: [10:25:39]  
线程ID:【1】
日志级别:【DEBUG】
日志对象:【RollingLogFileAppender】
日志消息: 【[2001]登录成功！】 
-------------------------------------------------------------------------------------
时间: [10:27:35]  
线程ID:【1】
日志级别:【DEBUG】
日志对象:【RollingLogFileAppender】
日志消息: 【账号[2001]开始登录】 
-------------------------------------------------------------------------------------
时间: [10:27:35]  
线程ID:【1】
日志级别:【DEBUG】
日志对象:【RollingLogFileAppender】
日志消息: 【[2001]登录成功！】 
-------------------------------------------------------------------------------------
时间: [10:28:06]  
线程ID:【1】
日志级别:【DEBUG】
日志对象:【RollingLogFileAppender】
日志消息: 【账号[2001]开始登录】 
-------------------------------------------------------------------------------------
时间: [10:28:06]  
线程ID:【1】
日志级别:【DEBUG】
日志对象:【RollingLogFileAppender】
日志消息: 【[2001]登录成功！】 
-------------------------------------------------------------------------------------
时间: [10:28:09]  
线程ID:【1】
日志级别:【DEBUG】
日志对象:【RollingLogFileAppender】
日志消息: 【[2001]退出程序！】 
-------------------------------------------------------------------------------------
时间: [10:34:09]  
线程ID:【1】
日志级别:【DEBUG】
日志对象:【RollingLogFileAppender】
日志消息: 【账号[2001]开始登录】 
-------------------------------------------------------------------------------------
时间: [10:34:09]  
线程ID:【1】
日志级别:【DEBUG】
日志对象:【RollingLogFileAppender】
日志消息: 【[2001]登录成功！】 
-------------------------------------------------------------------------------------
时间: [10:37:28]  
线程ID:【1】
日志级别:【DEBUG】
日志对象:【RollingLogFileAppender】
日志消息: 【账号[2001]开始登录】 
-------------------------------------------------------------------------------------
时间: [10:37:28]  
线程ID:【1】
日志级别:【DEBUG】
日志对象:【RollingLogFileAppender】
日志消息: 【[2001]登录成功！】 
-------------------------------------------------------------------------------------
时间: [10:42:28]  
线程ID:【1】
日志级别:【DEBUG】
日志对象:【RollingLogFileAppender】
日志消息: 【账号[2001]开始登录】 
-------------------------------------------------------------------------------------
时间: [10:42:28]  
线程ID:【1】
日志级别:【DEBUG】
日志对象:【RollingLogFileAppender】
日志消息: 【[2001]登录成功！】 
-------------------------------------------------------------------------------------
时间: [10:44:54]  
线程ID:【1】
日志级别:【DEBUG】
日志对象:【RollingLogFileAppender】
日志消息: 【账号[2001]开始登录】 
-------------------------------------------------------------------------------------
时间: [10:44:54]  
线程ID:【1】
日志级别:【DEBUG】
日志对象:【RollingLogFileAppender】
日志消息: 【[2001]登录成功！】 
-------------------------------------------------------------------------------------
时间: [10:48:05]  
线程ID:【1】
日志级别:【DEBUG】
日志对象:【RollingLogFileAppender】
日志消息: 【账号[2001]开始登录】 
-------------------------------------------------------------------------------------
时间: [10:48:05]  
线程ID:【1】
日志级别:【DEBUG】
日志对象:【RollingLogFileAppender】
日志消息: 【[2001]登录成功！】 
-------------------------------------------------------------------------------------
时间: [10:59:26]  
线程ID:【1】
日志级别:【DEBUG】
日志对象:【RollingLogFileAppender】
日志消息: 【账号[2001]开始登录】 
-------------------------------------------------------------------------------------
时间: [10:59:26]  
线程ID:【1】
日志级别:【DEBUG】
日志对象:【RollingLogFileAppender】
日志消息: 【[2001]登录成功！】 
-------------------------------------------------------------------------------------
时间: [11:00:56]  
线程ID:【1】
日志级别:【DEBUG】
日志对象:【RollingLogFileAppender】
日志消息: 【[2001]退出程序！】 
-------------------------------------------------------------------------------------
时间: [11:01:23]  
线程ID:【1】
日志级别:【DEBUG】
日志对象:【RollingLogFileAppender】
日志消息: 【账号[2001]开始登录】 
-------------------------------------------------------------------------------------
时间: [11:01:23]  
线程ID:【1】
日志级别:【DEBUG】
日志对象:【RollingLogFileAppender】
日志消息: 【[2001]登录成功！】 
-------------------------------------------------------------------------------------
时间: [11:02:12]  
线程ID:【1】
日志级别:【DEBUG】
日志对象:【RollingLogFileAppender】
日志消息: 【[2001]退出程序！】 
-------------------------------------------------------------------------------------
时间: [12:17:59]  
线程ID:【1】
日志级别:【DEBUG】
日志对象:【RollingLogFileAppender】
日志消息: 【账号[2001]开始登录】 
-------------------------------------------------------------------------------------
时间: [12:17:59]  
线程ID:【1】
日志级别:【DEBUG】
日志对象:【RollingLogFileAppender】
日志消息: 【[2001]登录成功！】 
-------------------------------------------------------------------------------------
时间: [12:18:27]  
线程ID:【1】
日志级别:【DEBUG】
日志对象:【RollingLogFileAppender】
日志消息: 【[2001]退出程序！】 
-------------------------------------------------------------------------------------
时间: [18:39:06]  
线程ID:【1】
日志级别:【DEBUG】
日志对象:【RollingLogFileAppender】
日志消息: 【账号[2001]开始登录】 
-------------------------------------------------------------------------------------
时间: [18:39:06]  
线程ID:【1】
日志级别:【DEBUG】
日志对象:【RollingLogFileAppender】
日志消息: 【[2001]登录成功！】 
-------------------------------------------------------------------------------------
时间: [18:41:03]  
线程ID:【1】
日志级别:【DEBUG】
日志对象:【RollingLogFileAppender】
日志消息: 【账号[2001]开始登录】 
-------------------------------------------------------------------------------------
时间: [18:41:03]  
线程ID:【1】
日志级别:【DEBUG】
日志对象:【RollingLogFileAppender】
日志消息: 【[2001]登录成功！】 
-------------------------------------------------------------------------------------
时间: [18:43:51]  
线程ID:【1】
日志级别:【DEBUG】
日志对象:【RollingLogFileAppender】
日志消息: 【账号[2001]开始登录】 
-------------------------------------------------------------------------------------
时间: [18:43:51]  
线程ID:【1】
日志级别:【DEBUG】
日志对象:【RollingLogFileAppender】
日志消息: 【[2001]登录成功！】 
-------------------------------------------------------------------------------------
时间: [18:44:18]  
线程ID:【1】
日志级别:【DEBUG】
日志对象:【RollingLogFileAppender】
日志消息: 【[2001]退出程序！】 
