-------------------------------------------------------------------------------------
时间: [18:00:28]  
线程ID:【1】
日志级别:【DEBUG】
日志对象:【RollingLogFileAppender】
日志消息: 【账号[2001]开始登录】 
-------------------------------------------------------------------------------------
时间: [18:00:28]  
线程ID:【1】
日志级别:【DEBUG】
日志对象:【RollingLogFileAppender】
日志消息: 【[2001]登录成功！】 
-------------------------------------------------------------------------------------
时间: [18:01:06]  
线程ID:【1】
日志级别:【DEBUG】
日志对象:【RollingLogFileAppender】
日志消息: 【账号[2001]开始登录】 
-------------------------------------------------------------------------------------
时间: [18:01:06]  
线程ID:【1】
日志级别:【DEBUG】
日志对象:【RollingLogFileAppender】
日志消息: 【[2001]登录成功！】 
-------------------------------------------------------------------------------------
时间: [18:01:20]  
线程ID:【1】
日志级别:【DEBUG】
日志对象:【RollingLogFileAppender】
日志消息: 【[2001]退出程序！】 
-------------------------------------------------------------------------------------
时间: [18:02:54]  
线程ID:【1】
日志级别:【DEBUG】
日志对象:【RollingLogFileAppender】
日志消息: 【账号[2001]开始登录】 
-------------------------------------------------------------------------------------
时间: [18:02:54]  
线程ID:【1】
日志级别:【DEBUG】
日志对象:【RollingLogFileAppender】
日志消息: 【[2001]登录成功！】 
-------------------------------------------------------------------------------------
时间: [18:03:32]  
线程ID:【1】
日志级别:【DEBUG】
日志对象:【RollingLogFileAppender】
日志消息: 【[2001]退出程序！】 
-------------------------------------------------------------------------------------
时间: [18:04:02]  
线程ID:【1】
日志级别:【DEBUG】
日志对象:【RollingLogFileAppender】
日志消息: 【账号[2001]开始登录】 
-------------------------------------------------------------------------------------
时间: [18:04:02]  
线程ID:【1】
日志级别:【DEBUG】
日志对象:【RollingLogFileAppender】
日志消息: 【[2001]登录成功！】 
-------------------------------------------------------------------------------------
时间: [18:04:09]  
线程ID:【1】
日志级别:【DEBUG】
日志对象:【RollingLogFileAppender】
日志消息: 【[2001]退出程序！】 
-------------------------------------------------------------------------------------
时间: [18:04:28]  
线程ID:【1】
日志级别:【DEBUG】
日志对象:【RollingLogFileAppender】
日志消息: 【账号[2001]开始登录】 
-------------------------------------------------------------------------------------
时间: [18:04:28]  
线程ID:【1】
日志级别:【DEBUG】
日志对象:【RollingLogFileAppender】
日志消息: 【[2001]登录成功！】 
