-------------------------------------------------------------------------------------
时间: [15:29:01]  
线程ID:【1】
日志级别:【DEBUG】
日志对象:【RollingLogFileAppender】
日志消息: 【账号[2001]开始登录】 
-------------------------------------------------------------------------------------
时间: [15:29:07]  
线程ID:【1】
日志级别:【DEBUG】
日志对象:【RollingLogFileAppender】
日志消息: 【[2001]登录成功！】 
-------------------------------------------------------------------------------------
时间: [15:30:33]  
线程ID:【1】
日志级别:【DEBUG】
日志对象:【RollingLogFileAppender】
日志消息: 【[2001]成功修改密码】 
-------------------------------------------------------------------------------------
时间: [15:30:33]  
线程ID:【1】
日志级别:【DEBUG】
日志对象:【RollingLogFileAppender】
日志消息: 【[2001]退出程序！】 
-------------------------------------------------------------------------------------
时间: [15:30:54]  
线程ID:【1】
日志级别:【DEBUG】
日志对象:【RollingLogFileAppender】
日志消息: 【账号[2001]开始登录】 
-------------------------------------------------------------------------------------
时间: [15:30:54]  
线程ID:【1】
日志级别:【DEBUG】
日志对象:【RollingLogFileAppender】
日志消息: 【[2001]登录成功！】 
-------------------------------------------------------------------------------------
时间: [15:31:00]  
线程ID:【1】
日志级别:【DEBUG】
日志对象:【RollingLogFileAppender】
日志消息: 【[2001]退出程序！】 
-------------------------------------------------------------------------------------
时间: [15:36:17]  
线程ID:【1】
日志级别:【DEBUG】
日志对象:【RollingLogFileAppender】
日志消息: 【账号[2001]开始登录】 
-------------------------------------------------------------------------------------
时间: [15:36:17]  
线程ID:【1】
日志级别:【DEBUG】
日志对象:【RollingLogFileAppender】
日志消息: 【[2001]登录成功！】 
-------------------------------------------------------------------------------------
时间: [15:36:31]  
线程ID:【1】
日志级别:【DEBUG】
日志对象:【RollingLogFileAppender】
日志消息: 【[2001]退出程序！】 
-------------------------------------------------------------------------------------
时间: [15:39:14]  
线程ID:【1】
日志级别:【DEBUG】
日志对象:【RollingLogFileAppender】
日志消息: 【账号[2001]开始登录】 
-------------------------------------------------------------------------------------
时间: [15:39:14]  
线程ID:【1】
日志级别:【DEBUG】
日志对象:【RollingLogFileAppender】
日志消息: 【[2001]登录成功！】 
-------------------------------------------------------------------------------------
时间: [15:39:16]  
线程ID:【1】
日志级别:【DEBUG】
日志对象:【RollingLogFileAppender】
日志消息: 【[2001]退出程序！】 
-------------------------------------------------------------------------------------
时间: [15:40:29]  
线程ID:【1】
日志级别:【DEBUG】
日志对象:【RollingLogFileAppender】
日志消息: 【账号[2002]开始登录】 
-------------------------------------------------------------------------------------
时间: [15:40:29]  
线程ID:【1】
日志级别:【DEBUG】
日志对象:【RollingLogFileAppender】
日志消息: 【[2002]登录成功！】 
-------------------------------------------------------------------------------------
时间: [15:40:55]  
线程ID:【1】
日志级别:【DEBUG】
日志对象:【RollingLogFileAppender】
日志消息: 【[2002]退出程序！】 
-------------------------------------------------------------------------------------
时间: [15:41:45]  
线程ID:【1】
日志级别:【DEBUG】
日志对象:【RollingLogFileAppender】
日志消息: 【账号[2001]开始登录】 
-------------------------------------------------------------------------------------
时间: [15:41:45]  
线程ID:【1】
日志级别:【DEBUG】
日志对象:【RollingLogFileAppender】
日志消息: 【[2001]登录成功！】 
-------------------------------------------------------------------------------------
时间: [15:41:46]  
线程ID:【1】
日志级别:【DEBUG】
日志对象:【RollingLogFileAppender】
日志消息: 【[2001]退出程序！】 
