-------------------------------------------------------------------------------------
时间: [00:15:26]  
线程ID:【1】
日志级别:【DEBUG】
日志对象:【RollingLogFileAppender】
日志消息: 【账号[2001]开始登录】 
-------------------------------------------------------------------------------------
时间: [00:15:26]  
线程ID:【1】
日志级别:【DEBUG】
日志对象:【RollingLogFileAppender】
日志消息: 【[2001]登录成功！】 
-------------------------------------------------------------------------------------
时间: [00:17:29]  
线程ID:【1】
日志级别:【DEBUG】
日志对象:【RollingLogFileAppender】
日志消息: 【[2001]退出程序！】 
-------------------------------------------------------------------------------------
时间: [00:18:40]  
线程ID:【1】
日志级别:【DEBUG】
日志对象:【RollingLogFileAppender】
日志消息: 【账号[2001]开始登录】 
-------------------------------------------------------------------------------------
时间: [00:18:40]  
线程ID:【1】
日志级别:【DEBUG】
日志对象:【RollingLogFileAppender】
日志消息: 【[2001]登录成功！】 
-------------------------------------------------------------------------------------
时间: [00:18:52]  
线程ID:【1】
日志级别:【DEBUG】
日志对象:【RollingLogFileAppender】
日志消息: 【[2001]退出程序！】 
-------------------------------------------------------------------------------------
时间: [21:44:50]  
线程ID:【1】
日志级别:【DEBUG】
日志对象:【RollingLogFileAppender】
日志消息: 【账号[2001]开始登录】 
-------------------------------------------------------------------------------------
时间: [21:44:50]  
线程ID:【1】
日志级别:【DEBUG】
日志对象:【RollingLogFileAppender】
日志消息: 【[2001]登录成功！】 
-------------------------------------------------------------------------------------
时间: [21:46:03]  
线程ID:【1】
日志级别:【DEBUG】
日志对象:【RollingLogFileAppender】
日志消息: 【[2001]退出程序！】 
